[0.027s] Invoking command in '/home/usanz/colcon_ws/src/navigation_l4ros2/build/bt_behavior': CMAKE_PREFIX_PATH=${CMAKE_PREFIX_PATH}:/home/usanz/colcon_ws/install/ros2controlcli:/home/usanz/colcon_ws/install/launch_pal:/home/usanz/colcon_ws/install/intro_py_ros2:/opt/ros/foxy /usr/bin/cmake --build /home/usanz/colcon_ws/src/navigation_l4ros2/build/bt_behavior -- -j8 -l8
[0.152s] [ 12%] Built target gtest_main
[0.159s] [ 25%] Built target gtest
[0.194s] [ 50%] Built target br2_move_bt_node
[0.194s] [ 50%] Built target patrolling_main
[0.196s] [ 62%] Built target br2_patrol_bt_node
[0.200s] [ 87%] Built target br2_get_waypoint_bt_node
[0.200s] [ 87%] Built target br2_sound_feedback_bt_node
[0.237s] [100%] Built target bt_action_test
[0.255s] Invoked command in '/home/usanz/colcon_ws/src/navigation_l4ros2/build/bt_behavior' returned '0': CMAKE_PREFIX_PATH=${CMAKE_PREFIX_PATH}:/home/usanz/colcon_ws/install/ros2controlcli:/home/usanz/colcon_ws/install/launch_pal:/home/usanz/colcon_ws/install/intro_py_ros2:/opt/ros/foxy /usr/bin/cmake --build /home/usanz/colcon_ws/src/navigation_l4ros2/build/bt_behavior -- -j8 -l8
[0.354s] Invoking command in '/home/usanz/colcon_ws/src/navigation_l4ros2/build/bt_behavior': CMAKE_PREFIX_PATH=${CMAKE_PREFIX_PATH}:/home/usanz/colcon_ws/install/ros2controlcli:/home/usanz/colcon_ws/install/launch_pal:/home/usanz/colcon_ws/install/intro_py_ros2:/opt/ros/foxy /usr/bin/cmake --install /home/usanz/colcon_ws/src/navigation_l4ros2/build/bt_behavior
[0.369s] -- Install configuration: "Debug"
[0.370s] -- Execute custom install script
[0.371s] -- Up-to-date symlink: /home/usanz/colcon_ws/src/navigation_l4ros2/install/bt_behavior/lib/libbr2_get_waypoint_bt_node.so
[0.371s] -- Up-to-date symlink: /home/usanz/colcon_ws/src/navigation_l4ros2/install/bt_behavior/lib/libbr2_patrol_bt_node.so
[0.372s] -- Up-to-date symlink: /home/usanz/colcon_ws/src/navigation_l4ros2/install/bt_behavior/lib/libbr2_move_bt_node.so
[0.372s] -- Up-to-date symlink: /home/usanz/colcon_ws/src/navigation_l4ros2/install/bt_behavior/lib/libbr2_sound_feedback_bt_node.so
[0.373s] -- Up-to-date symlink: /home/usanz/colcon_ws/src/navigation_l4ros2/install/bt_behavior/lib/bt_behavior/patrolling_main
[0.373s] -- Up-to-date symlink: /home/usanz/colcon_ws/src/navigation_l4ros2/install/bt_behavior/include//bt_behavior/GetNextWp.hpp
[0.374s] -- Up-to-date symlink: /home/usanz/colcon_ws/src/navigation_l4ros2/install/bt_behavior/include//bt_behavior/LedFeedback.hpp
[0.374s] -- Up-to-date symlink: /home/usanz/colcon_ws/src/navigation_l4ros2/install/bt_behavior/include//bt_behavior/Move.hpp
[0.374s] -- Up-to-date symlink: /home/usanz/colcon_ws/src/navigation_l4ros2/install/bt_behavior/include//bt_behavior/Patrol.hpp
[0.375s] -- Up-to-date symlink: /home/usanz/colcon_ws/src/navigation_l4ros2/install/bt_behavior/include//bt_behavior/SoundFeedback.hpp
[0.375s] -- Up-to-date symlink: /home/usanz/colcon_ws/src/navigation_l4ros2/install/bt_behavior/include//bt_behavior/ctrl_support/BTActionNode.hpp
[0.375s] -- Up-to-date symlink: /home/usanz/colcon_ws/src/navigation_l4ros2/install/bt_behavior/include//bt_behavior/ctrl_support/BTLifecycleCtrlNode.hpp
[0.377s] -- Up-to-date symlink: /home/usanz/colcon_ws/src/navigation_l4ros2/install/bt_behavior/share/bt_behavior/behavior_tree_xml/behavior.xml
[0.378s] -- Up-to-date symlink: /home/usanz/colcon_ws/src/navigation_l4ros2/install/bt_behavior/share/bt_behavior/launch/kobuki_patrolling.launch.py
[0.378s] -- Up-to-date symlink: /home/usanz/colcon_ws/src/navigation_l4ros2/install/bt_behavior/share/bt_behavior/launch/patrolling.launch.py
[0.379s] -- Up-to-date symlink: /home/usanz/colcon_ws/src/navigation_l4ros2/install/bt_behavior/share/bt_behavior/config/arena_waypoints.yaml
[0.379s] -- Up-to-date symlink: /home/usanz/colcon_ws/src/navigation_l4ros2/install/bt_behavior/share/bt_behavior/config/waypoints.yaml
[0.380s] -- Up-to-date symlink: /home/usanz/colcon_ws/src/navigation_l4ros2/install/bt_behavior/share/ament_index/resource_index/package_run_dependencies/bt_behavior
[0.381s] -- Up-to-date symlink: /home/usanz/colcon_ws/src/navigation_l4ros2/install/bt_behavior/share/ament_index/resource_index/parent_prefix_path/bt_behavior
[0.381s] -- Up-to-date symlink: /home/usanz/colcon_ws/src/navigation_l4ros2/install/bt_behavior/share/bt_behavior/environment/ament_prefix_path.sh
[0.382s] -- Up-to-date symlink: /home/usanz/colcon_ws/src/navigation_l4ros2/install/bt_behavior/share/bt_behavior/environment/ament_prefix_path.dsv
[0.382s] -- Up-to-date symlink: /home/usanz/colcon_ws/src/navigation_l4ros2/install/bt_behavior/share/bt_behavior/environment/path.sh
[0.383s] -- Up-to-date symlink: /home/usanz/colcon_ws/src/navigation_l4ros2/install/bt_behavior/share/bt_behavior/environment/path.dsv
[0.383s] -- Up-to-date symlink: /home/usanz/colcon_ws/src/navigation_l4ros2/install/bt_behavior/share/bt_behavior/local_setup.bash
[0.384s] -- Up-to-date symlink: /home/usanz/colcon_ws/src/navigation_l4ros2/install/bt_behavior/share/bt_behavior/local_setup.sh
[0.384s] -- Up-to-date symlink: /home/usanz/colcon_ws/src/navigation_l4ros2/install/bt_behavior/share/bt_behavior/local_setup.zsh
[0.385s] -- Up-to-date symlink: /home/usanz/colcon_ws/src/navigation_l4ros2/install/bt_behavior/share/bt_behavior/local_setup.dsv
[0.385s] -- Symlinking: /home/usanz/colcon_ws/src/navigation_l4ros2/install/bt_behavior/share/bt_behavior/package.dsv
[0.400s] -- Up-to-date symlink: /home/usanz/colcon_ws/src/navigation_l4ros2/install/bt_behavior/share/ament_index/resource_index/packages/bt_behavior
[0.400s] -- Up-to-date symlink: /home/usanz/colcon_ws/src/navigation_l4ros2/install/bt_behavior/share/bt_behavior/cmake/ament_cmake_export_include_directories-extras.cmake
[0.401s] -- Up-to-date symlink: /home/usanz/colcon_ws/src/navigation_l4ros2/install/bt_behavior/share/bt_behavior/cmake/ament_cmake_export_dependencies-extras.cmake
[0.401s] -- Up-to-date symlink: /home/usanz/colcon_ws/src/navigation_l4ros2/install/bt_behavior/share/bt_behavior/cmake/bt_behaviorConfig.cmake
[0.402s] -- Up-to-date symlink: /home/usanz/colcon_ws/src/navigation_l4ros2/install/bt_behavior/share/bt_behavior/cmake/bt_behaviorConfig-version.cmake
[0.402s] -- Up-to-date symlink: /home/usanz/colcon_ws/src/navigation_l4ros2/install/bt_behavior/share/bt_behavior/package.xml
[0.405s] Invoked command in '/home/usanz/colcon_ws/src/navigation_l4ros2/build/bt_behavior' returned '0': CMAKE_PREFIX_PATH=${CMAKE_PREFIX_PATH}:/home/usanz/colcon_ws/install/ros2controlcli:/home/usanz/colcon_ws/install/launch_pal:/home/usanz/colcon_ws/install/intro_py_ros2:/opt/ros/foxy /usr/bin/cmake --install /home/usanz/colcon_ws/src/navigation_l4ros2/build/bt_behavior
