-- Found ament_cmake: 0.9.9 (/opt/ros/foxy/share/ament_cmake/cmake)
-- Using PYTHON_EXECUTABLE: /usr/bin/python3
-- Override CMake install command with custom implementation using symlinks instead of copying resources
-- Found rclcpp: 2.4.0 (/opt/ros/foxy/share/rclcpp/cmake)
-- Using all available rosidl_typesupport_c: rosidl_typesupport_fastrtps_c;rosidl_typesupport_introspection_c
-- Found rosidl_adapter: 1.2.1 (/opt/ros/foxy/share/rosidl_adapter/cmake)
-- Using all available rosidl_typesupport_cpp: rosidl_typesupport_fastrtps_cpp;rosidl_typesupport_introspection_cpp
-- Found rmw_implementation_cmake: 1.0.3 (/opt/ros/foxy/share/rmw_implementation_cmake/cmake)
-- Using RMW implementation 'rmw_fastrtps_cpp' as default
-- Found rclcpp_lifecycle: 2.4.0 (/opt/ros/foxy/share/rclcpp_lifecycle/cmake)
-- Found rclcpp_action: 2.4.0 (/opt/ros/foxy/share/rclcpp_action/cmake)
-- Found behaviortree_cpp_v3: 3.6.0 (/opt/ros/foxy/share/behaviortree_cpp_v3/cmake)
-- Found geometry_msgs: 2.0.4 (/opt/ros/foxy/share/geometry_msgs/cmake)
-- Found nav2_msgs: 0.4.7 (/opt/ros/foxy/share/nav2_msgs/cmake)
-- Found nav2_costmap_2d: 0.4.7 (/opt/ros/foxy/share/nav2_costmap_2d/cmake)
-- Found Eigen3: TRUE (found version "3.3.7") 
-- Found kobuki_ros_interfaces: 1.0.0 (/home/usanz/colcon_ws/install/kobuki_ros_interfaces/share/kobuki_ros_interfaces/cmake)
-- ZeroMQ found.
-- Found ament_lint_auto: 0.9.6 (/opt/ros/foxy/share/ament_lint_auto/cmake)
-- Found gtest sources under '/opt/ros/foxy/src/gtest_vendor': C++ tests using 'Google Test' will be built
-- Added test 'copyright' to check source files copyright and LICENSE
-- Added test 'cppcheck' to perform static code analysis on C / C++ code
-- Configured cppcheck include dirs: /home/usanz/colcon_ws/src/navigation_l4ros2/bt_behavior/include
-- Configured cppcheck exclude dirs and/or files: 
-- Added test 'cpplint' to check C / C++ code against the Google style
-- Configured cpplint exclude dirs and/or files: 
-- Added test 'flake8' to check Python code syntax and style conventions
-- Added test 'lint_cmake' to check CMake code style
-- Added test 'pep257' to check Python code against some of the style conventions in PEP 257
-- Added test 'uncrustify' to check C / C++ code style
-- Configured uncrustify additional arguments: 
-- Added test 'xmllint' to check XML markup files
-- Configuring done
-- Generating done
-- Build files have been written to: /home/usanz/colcon_ws/src/navigation_l4ros2/build/bt_behavior
[35m[1mScanning dependencies of target br2_led_feedback_bt_node[0m
[35m[1mScanning dependencies of target br2_patrol_bt_node[0m
[35m[1mScanning dependencies of target br2_sound_feedback_bt_node[0m
[35m[1mScanning dependencies of target br2_move_bt_node[0m
[35m[1mScanning dependencies of target br2_get_waypoint_bt_node[0m
[35m[1mScanning dependencies of target patrolling_main[0m
[ 10%] Built target gtest_main
[ 21%] Built target gtest
[ 26%] [32mBuilding CXX object CMakeFiles/br2_patrol_bt_node.dir/src/bt_behavior/Patrol.cpp.o[0m
[35m[1mScanning dependencies of target bt_action_test[0m
[ 31%] [32mBuilding CXX object CMakeFiles/patrolling_main.dir/src/patrolling_main.cpp.o[0m
[ 36%] [32mBuilding CXX object CMakeFiles/br2_move_bt_node.dir/src/bt_behavior/Move.cpp.o[0m
[ 42%] [32mBuilding CXX object tests/CMakeFiles/bt_action_test.dir/bt_action_test.cpp.o[0m
[ 47%] [32mBuilding CXX object CMakeFiles/br2_sound_feedback_bt_node.dir/src/bt_behavior/SoundFeedback.cpp.o[0m
[ 52%] [32mBuilding CXX object CMakeFiles/br2_led_feedback_bt_node.dir/src/bt_behavior/LedFeedback.cpp.o[0m
[ 57%] [32mBuilding CXX object CMakeFiles/br2_get_waypoint_bt_node.dir/src/bt_behavior/GetNextWp.cpp.o[0m
[ 63%] [32mBuilding CXX object CMakeFiles/br2_get_waypoint_bt_node.dir/src/bt_behavior/MyCostmap.cpp.o[0m
[ 68%] [32m[1mLinking CXX executable patrolling_main[0m
[ 68%] Built target patrolling_main
[ 73%] [32m[1mLinking CXX shared library libbr2_patrol_bt_node.so[0m
[ 78%] [32m[1mLinking CXX shared library libbr2_led_feedback_bt_node.so[0m
[ 78%] Built target br2_patrol_bt_node
[ 78%] Built target br2_led_feedback_bt_node
[ 84%] [32m[1mLinking CXX shared library libbr2_move_bt_node.so[0m
[ 89%] [32m[1mLinking CXX shared library libbr2_sound_feedback_bt_node.so[0m
[ 89%] Built target br2_move_bt_node
[ 89%] Built target br2_sound_feedback_bt_node
[ 94%] [32m[1mLinking CXX shared library libbr2_get_waypoint_bt_node.so[0m
[100%] [32m[1mLinking CXX executable bt_action_test[0m
[100%] Built target br2_get_waypoint_bt_node
[100%] Built target bt_action_test
-- Install configuration: "Debug"
-- Execute custom install script
-- Up-to-date symlink: /home/usanz/colcon_ws/src/navigation_l4ros2/install/bt_behavior/lib/libbr2_get_waypoint_bt_node.so
-- Up-to-date symlink: /home/usanz/colcon_ws/src/navigation_l4ros2/install/bt_behavior/lib/libbr2_patrol_bt_node.so
-- Up-to-date symlink: /home/usanz/colcon_ws/src/navigation_l4ros2/install/bt_behavior/lib/libbr2_move_bt_node.so
-- Up-to-date symlink: /home/usanz/colcon_ws/src/navigation_l4ros2/install/bt_behavior/lib/libbr2_sound_feedback_bt_node.so
-- Symlinking: /home/usanz/colcon_ws/src/navigation_l4ros2/install/bt_behavior/lib/libbr2_led_feedback_bt_node.so
-- Up-to-date symlink: /home/usanz/colcon_ws/src/navigation_l4ros2/install/bt_behavior/lib/bt_behavior/patrolling_main
-- Up-to-date symlink: /home/usanz/colcon_ws/src/navigation_l4ros2/install/bt_behavior/include//bt_behavior/GetNextWp.hpp
-- Up-to-date symlink: /home/usanz/colcon_ws/src/navigation_l4ros2/install/bt_behavior/include//bt_behavior/LedFeedback.hpp
-- Up-to-date symlink: /home/usanz/colcon_ws/src/navigation_l4ros2/install/bt_behavior/include//bt_behavior/Move.hpp
-- Symlinking: /home/usanz/colcon_ws/src/navigation_l4ros2/install/bt_behavior/include//bt_behavior/MyCostmap.hpp
-- Up-to-date symlink: /home/usanz/colcon_ws/src/navigation_l4ros2/install/bt_behavior/include//bt_behavior/Patrol.hpp
-- Up-to-date symlink: /home/usanz/colcon_ws/src/navigation_l4ros2/install/bt_behavior/include//bt_behavior/SoundFeedback.hpp
-- Up-to-date symlink: /home/usanz/colcon_ws/src/navigation_l4ros2/install/bt_behavior/include//bt_behavior/ctrl_support/BTActionNode.hpp
-- Up-to-date symlink: /home/usanz/colcon_ws/src/navigation_l4ros2/install/bt_behavior/include//bt_behavior/ctrl_support/BTLifecycleCtrlNode.hpp
-- Up-to-date symlink: /home/usanz/colcon_ws/src/navigation_l4ros2/install/bt_behavior/share/bt_behavior/behavior_tree_xml/behavior.xml
-- Up-to-date symlink: /home/usanz/colcon_ws/src/navigation_l4ros2/install/bt_behavior/share/bt_behavior/launch/kobuki_patrolling.launch.py
-- Up-to-date symlink: /home/usanz/colcon_ws/src/navigation_l4ros2/install/bt_behavior/share/bt_behavior/launch/patrolling.launch.py
-- Up-to-date symlink: /home/usanz/colcon_ws/src/navigation_l4ros2/install/bt_behavior/share/bt_behavior/config/arena_waypoints.yaml
-- Up-to-date symlink: /home/usanz/colcon_ws/src/navigation_l4ros2/install/bt_behavior/share/bt_behavior/config/waypoints.yaml
-- Up-to-date symlink: /home/usanz/colcon_ws/src/navigation_l4ros2/install/bt_behavior/share/ament_index/resource_index/package_run_dependencies/bt_behavior
-- Up-to-date symlink: /home/usanz/colcon_ws/src/navigation_l4ros2/install/bt_behavior/share/ament_index/resource_index/parent_prefix_path/bt_behavior
-- Up-to-date symlink: /home/usanz/colcon_ws/src/navigation_l4ros2/install/bt_behavior/share/bt_behavior/environment/ament_prefix_path.sh
-- Up-to-date symlink: /home/usanz/colcon_ws/src/navigation_l4ros2/install/bt_behavior/share/bt_behavior/environment/ament_prefix_path.dsv
-- Up-to-date symlink: /home/usanz/colcon_ws/src/navigation_l4ros2/install/bt_behavior/share/bt_behavior/environment/path.sh
-- Up-to-date symlink: /home/usanz/colcon_ws/src/navigation_l4ros2/install/bt_behavior/share/bt_behavior/environment/path.dsv
-- Up-to-date symlink: /home/usanz/colcon_ws/src/navigation_l4ros2/install/bt_behavior/share/bt_behavior/local_setup.bash
-- Up-to-date symlink: /home/usanz/colcon_ws/src/navigation_l4ros2/install/bt_behavior/share/bt_behavior/local_setup.sh
-- Up-to-date symlink: /home/usanz/colcon_ws/src/navigation_l4ros2/install/bt_behavior/share/bt_behavior/local_setup.zsh
-- Up-to-date symlink: /home/usanz/colcon_ws/src/navigation_l4ros2/install/bt_behavior/share/bt_behavior/local_setup.dsv
-- Symlinking: /home/usanz/colcon_ws/src/navigation_l4ros2/install/bt_behavior/share/bt_behavior/package.dsv
-- Up-to-date symlink: /home/usanz/colcon_ws/src/navigation_l4ros2/install/bt_behavior/share/ament_index/resource_index/packages/bt_behavior
-- Up-to-date symlink: /home/usanz/colcon_ws/src/navigation_l4ros2/install/bt_behavior/share/bt_behavior/cmake/ament_cmake_export_include_directories-extras.cmake
-- Up-to-date symlink: /home/usanz/colcon_ws/src/navigation_l4ros2/install/bt_behavior/share/bt_behavior/cmake/ament_cmake_export_dependencies-extras.cmake
-- Up-to-date symlink: /home/usanz/colcon_ws/src/navigation_l4ros2/install/bt_behavior/share/bt_behavior/cmake/bt_behaviorConfig.cmake
-- Up-to-date symlink: /home/usanz/colcon_ws/src/navigation_l4ros2/install/bt_behavior/share/bt_behavior/cmake/bt_behaviorConfig-version.cmake
-- Up-to-date symlink: /home/usanz/colcon_ws/src/navigation_l4ros2/install/bt_behavior/share/bt_behavior/package.xml
