[0.030s] Invoking command in '/home/usanz/colcon_ws/src/navigation_l4ros2/build/bt_behavior': CMAKE_PREFIX_PATH=${CMAKE_PREFIX_PATH}:/home/usanz/colcon_ws/install/ros2controlcli:/home/usanz/colcon_ws/install/launch_pal:/home/usanz/colcon_ws/install/intro_py_ros2:/opt/ros/foxy /usr/bin/cmake --build /home/usanz/colcon_ws/src/navigation_l4ros2/build/bt_behavior -- -j8 -l8
[0.101s] -- Found ament_cmake: 0.9.9 (/opt/ros/foxy/share/ament_cmake/cmake)
[0.157s] -- Using PYTHON_EXECUTABLE: /usr/bin/python3
[0.362s] -- Override CMake install command with custom implementation using symlinks instead of copying resources
[0.376s] -- Found rclcpp: 2.4.0 (/opt/ros/foxy/share/rclcpp/cmake)
[0.431s] -- Using all available rosidl_typesupport_c: rosidl_typesupport_fastrtps_c;rosidl_typesupport_introspection_c
[0.436s] -- Found rosidl_adapter: 1.2.1 (/opt/ros/foxy/share/rosidl_adapter/cmake)
[0.608s] -- Using all available rosidl_typesupport_cpp: rosidl_typesupport_fastrtps_cpp;rosidl_typesupport_introspection_cpp
[0.699s] -- Found rmw_implementation_cmake: 1.0.3 (/opt/ros/foxy/share/rmw_implementation_cmake/cmake)
[0.709s] -- Using RMW implementation 'rmw_fastrtps_cpp' as default
[0.898s] -- Found rclcpp_lifecycle: 2.4.0 (/opt/ros/foxy/share/rclcpp_lifecycle/cmake)
[0.932s] -- Found rclcpp_action: 2.4.0 (/opt/ros/foxy/share/rclcpp_action/cmake)
[1.019s] -- Found behaviortree_cpp_v3: 3.6.0 (/opt/ros/foxy/share/behaviortree_cpp_v3/cmake)
[1.022s] -- Found geometry_msgs: 2.0.4 (/opt/ros/foxy/share/geometry_msgs/cmake)
[1.062s] -- Found nav2_msgs: 0.4.7 (/opt/ros/foxy/share/nav2_msgs/cmake)
[1.426s] -- Found nav2_costmap_2d: 0.4.7 (/opt/ros/foxy/share/nav2_costmap_2d/cmake)
[2.272s] -- Found Eigen3: TRUE (found version "3.3.7") 
[2.911s] -- Found kobuki_ros_interfaces: 1.0.0 (/home/usanz/colcon_ws/install/kobuki_ros_interfaces/share/kobuki_ros_interfaces/cmake)
[3.016s] -- ZeroMQ found.
[5.720s] -- Found ament_lint_auto: 0.9.6 (/opt/ros/foxy/share/ament_lint_auto/cmake)
[5.810s] -- Found gtest sources under '/opt/ros/foxy/src/gtest_vendor': C++ tests using 'Google Test' will be built
[6.258s] -- Added test 'copyright' to check source files copyright and LICENSE
[6.260s] -- Added test 'cppcheck' to perform static code analysis on C / C++ code
[6.261s] -- Configured cppcheck include dirs: /home/usanz/colcon_ws/src/navigation_l4ros2/bt_behavior/include
[6.262s] -- Configured cppcheck exclude dirs and/or files: 
[6.264s] -- Added test 'cpplint' to check C / C++ code against the Google style
[6.264s] -- Configured cpplint exclude dirs and/or files: 
[6.265s] -- Added test 'flake8' to check Python code syntax and style conventions
[6.266s] -- Added test 'lint_cmake' to check CMake code style
[6.267s] -- Added test 'pep257' to check Python code against some of the style conventions in PEP 257
[6.270s] -- Added test 'uncrustify' to check C / C++ code style
[6.270s] -- Configured uncrustify additional arguments: 
[6.271s] -- Added test 'xmllint' to check XML markup files
[6.279s] -- Configuring done
[6.583s] -- Generating done
[6.588s] -- Build files have been written to: /home/usanz/colcon_ws/src/navigation_l4ros2/build/bt_behavior
[6.659s] [35m[1mScanning dependencies of target br2_led_feedback_bt_node[0m
[6.665s] [35m[1mScanning dependencies of target br2_patrol_bt_node[0m
[6.666s] [35m[1mScanning dependencies of target br2_sound_feedback_bt_node[0m
[6.667s] [35m[1mScanning dependencies of target br2_move_bt_node[0m
[6.667s] [35m[1mScanning dependencies of target br2_get_waypoint_bt_node[0m
[6.667s] [35m[1mScanning dependencies of target patrolling_main[0m
[6.689s] [ 10%] Built target gtest_main
[6.692s] [ 21%] Built target gtest
[6.739s] [ 26%] [32mBuilding CXX object CMakeFiles/br2_patrol_bt_node.dir/src/bt_behavior/Patrol.cpp.o[0m
[6.742s] [35m[1mScanning dependencies of target bt_action_test[0m
[6.783s] [ 31%] [32mBuilding CXX object CMakeFiles/patrolling_main.dir/src/patrolling_main.cpp.o[0m
[6.789s] [ 36%] [32mBuilding CXX object CMakeFiles/br2_move_bt_node.dir/src/bt_behavior/Move.cpp.o[0m
[6.814s] [ 42%] [32mBuilding CXX object tests/CMakeFiles/bt_action_test.dir/bt_action_test.cpp.o[0m
[6.819s] [ 47%] [32mBuilding CXX object CMakeFiles/br2_sound_feedback_bt_node.dir/src/bt_behavior/SoundFeedback.cpp.o[0m
[6.918s] [ 52%] [32mBuilding CXX object CMakeFiles/br2_led_feedback_bt_node.dir/src/bt_behavior/LedFeedback.cpp.o[0m
[6.963s] [ 57%] [32mBuilding CXX object CMakeFiles/br2_get_waypoint_bt_node.dir/src/bt_behavior/GetNextWp.cpp.o[0m
[6.989s] [ 63%] [32mBuilding CXX object CMakeFiles/br2_get_waypoint_bt_node.dir/src/bt_behavior/MyCostmap.cpp.o[0m
[16.523s] [ 68%] [32m[1mLinking CXX executable patrolling_main[0m
[17.415s] [ 68%] Built target patrolling_main
[18.575s] [ 73%] [32m[1mLinking CXX shared library libbr2_patrol_bt_node.so[0m
[18.687s] [ 78%] [32m[1mLinking CXX shared library libbr2_led_feedback_bt_node.so[0m
[19.280s] [ 78%] Built target br2_patrol_bt_node
[19.383s] [ 78%] Built target br2_led_feedback_bt_node
[19.515s] [ 84%] [32m[1mLinking CXX shared library libbr2_move_bt_node.so[0m
[19.698s] [ 89%] [32m[1mLinking CXX shared library libbr2_sound_feedback_bt_node.so[0m
[20.110s] [ 89%] Built target br2_move_bt_node
[20.246s] [ 89%] Built target br2_sound_feedback_bt_node
[25.686s] [ 94%] [32m[1mLinking CXX shared library libbr2_get_waypoint_bt_node.so[0m
[25.721s] [100%] [32m[1mLinking CXX executable bt_action_test[0m
[26.517s] [100%] Built target br2_get_waypoint_bt_node
[26.742s] [100%] Built target bt_action_test
[26.762s] Invoked command in '/home/usanz/colcon_ws/src/navigation_l4ros2/build/bt_behavior' returned '0': CMAKE_PREFIX_PATH=${CMAKE_PREFIX_PATH}:/home/usanz/colcon_ws/install/ros2controlcli:/home/usanz/colcon_ws/install/launch_pal:/home/usanz/colcon_ws/install/intro_py_ros2:/opt/ros/foxy /usr/bin/cmake --build /home/usanz/colcon_ws/src/navigation_l4ros2/build/bt_behavior -- -j8 -l8
[26.888s] Invoking command in '/home/usanz/colcon_ws/src/navigation_l4ros2/build/bt_behavior': CMAKE_PREFIX_PATH=${CMAKE_PREFIX_PATH}:/home/usanz/colcon_ws/install/ros2controlcli:/home/usanz/colcon_ws/install/launch_pal:/home/usanz/colcon_ws/install/intro_py_ros2:/opt/ros/foxy /usr/bin/cmake --install /home/usanz/colcon_ws/src/navigation_l4ros2/build/bt_behavior
[26.901s] -- Install configuration: "Debug"
[26.902s] -- Execute custom install script
[26.903s] -- Up-to-date symlink: /home/usanz/colcon_ws/src/navigation_l4ros2/install/bt_behavior/lib/libbr2_get_waypoint_bt_node.so
[26.904s] -- Up-to-date symlink: /home/usanz/colcon_ws/src/navigation_l4ros2/install/bt_behavior/lib/libbr2_patrol_bt_node.so
[26.904s] -- Up-to-date symlink: /home/usanz/colcon_ws/src/navigation_l4ros2/install/bt_behavior/lib/libbr2_move_bt_node.so
[26.905s] -- Up-to-date symlink: /home/usanz/colcon_ws/src/navigation_l4ros2/install/bt_behavior/lib/libbr2_sound_feedback_bt_node.so
[26.905s] -- Symlinking: /home/usanz/colcon_ws/src/navigation_l4ros2/install/bt_behavior/lib/libbr2_led_feedback_bt_node.so
[26.919s] -- Up-to-date symlink: /home/usanz/colcon_ws/src/navigation_l4ros2/install/bt_behavior/lib/bt_behavior/patrolling_main
[26.920s] -- Up-to-date symlink: /home/usanz/colcon_ws/src/navigation_l4ros2/install/bt_behavior/include//bt_behavior/GetNextWp.hpp
[26.920s] -- Up-to-date symlink: /home/usanz/colcon_ws/src/navigation_l4ros2/install/bt_behavior/include//bt_behavior/LedFeedback.hpp
[26.921s] -- Up-to-date symlink: /home/usanz/colcon_ws/src/navigation_l4ros2/install/bt_behavior/include//bt_behavior/Move.hpp
[26.921s] -- Symlinking: /home/usanz/colcon_ws/src/navigation_l4ros2/install/bt_behavior/include//bt_behavior/MyCostmap.hpp
[26.935s] -- Up-to-date symlink: /home/usanz/colcon_ws/src/navigation_l4ros2/install/bt_behavior/include//bt_behavior/Patrol.hpp
[26.936s] -- Up-to-date symlink: /home/usanz/colcon_ws/src/navigation_l4ros2/install/bt_behavior/include//bt_behavior/SoundFeedback.hpp
[26.936s] -- Up-to-date symlink: /home/usanz/colcon_ws/src/navigation_l4ros2/install/bt_behavior/include//bt_behavior/ctrl_support/BTActionNode.hpp
[26.936s] -- Up-to-date symlink: /home/usanz/colcon_ws/src/navigation_l4ros2/install/bt_behavior/include//bt_behavior/ctrl_support/BTLifecycleCtrlNode.hpp
[26.937s] -- Up-to-date symlink: /home/usanz/colcon_ws/src/navigation_l4ros2/install/bt_behavior/share/bt_behavior/behavior_tree_xml/behavior.xml
[26.938s] -- Up-to-date symlink: /home/usanz/colcon_ws/src/navigation_l4ros2/install/bt_behavior/share/bt_behavior/launch/kobuki_patrolling.launch.py
[26.938s] -- Up-to-date symlink: /home/usanz/colcon_ws/src/navigation_l4ros2/install/bt_behavior/share/bt_behavior/launch/patrolling.launch.py
[26.939s] -- Up-to-date symlink: /home/usanz/colcon_ws/src/navigation_l4ros2/install/bt_behavior/share/bt_behavior/config/arena_waypoints.yaml
[26.939s] -- Up-to-date symlink: /home/usanz/colcon_ws/src/navigation_l4ros2/install/bt_behavior/share/bt_behavior/config/waypoints.yaml
[26.940s] -- Up-to-date symlink: /home/usanz/colcon_ws/src/navigation_l4ros2/install/bt_behavior/share/ament_index/resource_index/package_run_dependencies/bt_behavior
[26.940s] -- Up-to-date symlink: /home/usanz/colcon_ws/src/navigation_l4ros2/install/bt_behavior/share/ament_index/resource_index/parent_prefix_path/bt_behavior
[26.941s] -- Up-to-date symlink: /home/usanz/colcon_ws/src/navigation_l4ros2/install/bt_behavior/share/bt_behavior/environment/ament_prefix_path.sh
[26.941s] -- Up-to-date symlink: /home/usanz/colcon_ws/src/navigation_l4ros2/install/bt_behavior/share/bt_behavior/environment/ament_prefix_path.dsv
[26.942s] -- Up-to-date symlink: /home/usanz/colcon_ws/src/navigation_l4ros2/install/bt_behavior/share/bt_behavior/environment/path.sh
[26.943s] -- Up-to-date symlink: /home/usanz/colcon_ws/src/navigation_l4ros2/install/bt_behavior/share/bt_behavior/environment/path.dsv
[26.943s] -- Up-to-date symlink: /home/usanz/colcon_ws/src/navigation_l4ros2/install/bt_behavior/share/bt_behavior/local_setup.bash
[26.944s] -- Up-to-date symlink: /home/usanz/colcon_ws/src/navigation_l4ros2/install/bt_behavior/share/bt_behavior/local_setup.sh
[26.944s] -- Up-to-date symlink: /home/usanz/colcon_ws/src/navigation_l4ros2/install/bt_behavior/share/bt_behavior/local_setup.zsh
[26.945s] -- Up-to-date symlink: /home/usanz/colcon_ws/src/navigation_l4ros2/install/bt_behavior/share/bt_behavior/local_setup.dsv
[26.945s] -- Symlinking: /home/usanz/colcon_ws/src/navigation_l4ros2/install/bt_behavior/share/bt_behavior/package.dsv
[26.964s] -- Up-to-date symlink: /home/usanz/colcon_ws/src/navigation_l4ros2/install/bt_behavior/share/ament_index/resource_index/packages/bt_behavior
[26.964s] -- Up-to-date symlink: /home/usanz/colcon_ws/src/navigation_l4ros2/install/bt_behavior/share/bt_behavior/cmake/ament_cmake_export_include_directories-extras.cmake
[26.964s] -- Up-to-date symlink: /home/usanz/colcon_ws/src/navigation_l4ros2/install/bt_behavior/share/bt_behavior/cmake/ament_cmake_export_dependencies-extras.cmake
[26.965s] -- Up-to-date symlink: /home/usanz/colcon_ws/src/navigation_l4ros2/install/bt_behavior/share/bt_behavior/cmake/bt_behaviorConfig.cmake
[26.965s] -- Up-to-date symlink: /home/usanz/colcon_ws/src/navigation_l4ros2/install/bt_behavior/share/bt_behavior/cmake/bt_behaviorConfig-version.cmake
[26.966s] -- Up-to-date symlink: /home/usanz/colcon_ws/src/navigation_l4ros2/install/bt_behavior/share/bt_behavior/package.xml
[26.969s] Invoked command in '/home/usanz/colcon_ws/src/navigation_l4ros2/build/bt_behavior' returned '0': CMAKE_PREFIX_PATH=${CMAKE_PREFIX_PATH}:/home/usanz/colcon_ws/install/ros2controlcli:/home/usanz/colcon_ws/install/launch_pal:/home/usanz/colcon_ws/install/intro_py_ros2:/opt/ros/foxy /usr/bin/cmake --install /home/usanz/colcon_ws/src/navigation_l4ros2/build/bt_behavior
