[0.027s] Invoking command in '/home/usanz/colcon_ws/src/navigation_l4ros2/build/bt_behavior': CMAKE_PREFIX_PATH=${CMAKE_PREFIX_PATH}:/home/usanz/colcon_ws/install/ros2controlcli:/home/usanz/colcon_ws/install/launch_pal:/home/usanz/colcon_ws/install/intro_py_ros2:/opt/ros/foxy /usr/bin/cmake --build /home/usanz/colcon_ws/src/navigation_l4ros2/build/bt_behavior -- -j8 -l8
[0.174s] [35m[1mScanning dependencies of target br2_sound_feedback_bt_node[0m
[0.203s] [ 12%] Built target gtest_main
[0.204s] [ 25%] Built target gtest
[0.225s] [ 37%] Built target br2_move_bt_node
[0.230s] [ 50%] Built target br2_patrol_bt_node
[0.232s] [ 62%] Built target patrolling_main
[0.240s] [ 75%] Built target br2_get_waypoint_bt_node
[0.257s] [ 81%] [32mBuilding CXX object CMakeFiles/br2_sound_feedback_bt_node.dir/src/bt_behavior/SoundFeedback.cpp.o[0m
[0.276s] [ 93%] Built target bt_action_test
[5.054s] [100%] [32m[1mLinking CXX shared library libbr2_sound_feedback_bt_node.so[0m
[5.346s] [100%] Built target br2_sound_feedback_bt_node
[5.367s] Invoked command in '/home/usanz/colcon_ws/src/navigation_l4ros2/build/bt_behavior' returned '0': CMAKE_PREFIX_PATH=${CMAKE_PREFIX_PATH}:/home/usanz/colcon_ws/install/ros2controlcli:/home/usanz/colcon_ws/install/launch_pal:/home/usanz/colcon_ws/install/intro_py_ros2:/opt/ros/foxy /usr/bin/cmake --build /home/usanz/colcon_ws/src/navigation_l4ros2/build/bt_behavior -- -j8 -l8
[5.477s] Invoking command in '/home/usanz/colcon_ws/src/navigation_l4ros2/build/bt_behavior': CMAKE_PREFIX_PATH=${CMAKE_PREFIX_PATH}:/home/usanz/colcon_ws/install/ros2controlcli:/home/usanz/colcon_ws/install/launch_pal:/home/usanz/colcon_ws/install/intro_py_ros2:/opt/ros/foxy /usr/bin/cmake --install /home/usanz/colcon_ws/src/navigation_l4ros2/build/bt_behavior
[5.491s] -- Install configuration: "Debug"
[5.492s] -- Execute custom install script
[5.493s] -- Up-to-date symlink: /home/usanz/colcon_ws/src/navigation_l4ros2/install/bt_behavior/lib/libbr2_get_waypoint_bt_node.so
[5.493s] -- Up-to-date symlink: /home/usanz/colcon_ws/src/navigation_l4ros2/install/bt_behavior/lib/libbr2_patrol_bt_node.so
[5.494s] -- Up-to-date symlink: /home/usanz/colcon_ws/src/navigation_l4ros2/install/bt_behavior/lib/libbr2_move_bt_node.so
[5.494s] -- Symlinking: /home/usanz/colcon_ws/src/navigation_l4ros2/install/bt_behavior/lib/libbr2_sound_feedback_bt_node.so
[5.508s] -- Up-to-date symlink: /home/usanz/colcon_ws/src/navigation_l4ros2/install/bt_behavior/lib/bt_behavior/patrolling_main
[5.509s] -- Up-to-date symlink: /home/usanz/colcon_ws/src/navigation_l4ros2/install/bt_behavior/include//bt_behavior/GetNextWp.hpp
[5.509s] -- Symlinking: /home/usanz/colcon_ws/src/navigation_l4ros2/install/bt_behavior/include//bt_behavior/LedFeedback.hpp
[5.523s] -- Up-to-date symlink: /home/usanz/colcon_ws/src/navigation_l4ros2/install/bt_behavior/include//bt_behavior/Move.hpp
[5.524s] -- Up-to-date symlink: /home/usanz/colcon_ws/src/navigation_l4ros2/install/bt_behavior/include//bt_behavior/Patrol.hpp
[5.524s] -- Symlinking: /home/usanz/colcon_ws/src/navigation_l4ros2/install/bt_behavior/include//bt_behavior/SoundFeedback.hpp
[5.539s] -- Up-to-date symlink: /home/usanz/colcon_ws/src/navigation_l4ros2/install/bt_behavior/include//bt_behavior/ctrl_support/BTActionNode.hpp
[5.539s] -- Up-to-date symlink: /home/usanz/colcon_ws/src/navigation_l4ros2/install/bt_behavior/include//bt_behavior/ctrl_support/BTLifecycleCtrlNode.hpp
[5.540s] -- Up-to-date symlink: /home/usanz/colcon_ws/src/navigation_l4ros2/install/bt_behavior/share/bt_behavior/behavior_tree_xml/behavior.xml
[5.541s] -- Up-to-date symlink: /home/usanz/colcon_ws/src/navigation_l4ros2/install/bt_behavior/share/bt_behavior/launch/kobuki_patrolling.launch.py
[5.541s] -- Up-to-date symlink: /home/usanz/colcon_ws/src/navigation_l4ros2/install/bt_behavior/share/bt_behavior/launch/patrolling.launch.py
[5.542s] -- Up-to-date symlink: /home/usanz/colcon_ws/src/navigation_l4ros2/install/bt_behavior/share/bt_behavior/config/arena_waypoints.yaml
[5.542s] -- Up-to-date symlink: /home/usanz/colcon_ws/src/navigation_l4ros2/install/bt_behavior/share/bt_behavior/config/waypoints.yaml
[5.543s] -- Up-to-date symlink: /home/usanz/colcon_ws/src/navigation_l4ros2/install/bt_behavior/share/ament_index/resource_index/package_run_dependencies/bt_behavior
[5.544s] -- Up-to-date symlink: /home/usanz/colcon_ws/src/navigation_l4ros2/install/bt_behavior/share/ament_index/resource_index/parent_prefix_path/bt_behavior
[5.544s] -- Up-to-date symlink: /home/usanz/colcon_ws/src/navigation_l4ros2/install/bt_behavior/share/bt_behavior/environment/ament_prefix_path.sh
[5.545s] -- Up-to-date symlink: /home/usanz/colcon_ws/src/navigation_l4ros2/install/bt_behavior/share/bt_behavior/environment/ament_prefix_path.dsv
[5.545s] -- Up-to-date symlink: /home/usanz/colcon_ws/src/navigation_l4ros2/install/bt_behavior/share/bt_behavior/environment/path.sh
[5.546s] -- Up-to-date symlink: /home/usanz/colcon_ws/src/navigation_l4ros2/install/bt_behavior/share/bt_behavior/environment/path.dsv
[5.546s] -- Up-to-date symlink: /home/usanz/colcon_ws/src/navigation_l4ros2/install/bt_behavior/share/bt_behavior/local_setup.bash
[5.547s] -- Up-to-date symlink: /home/usanz/colcon_ws/src/navigation_l4ros2/install/bt_behavior/share/bt_behavior/local_setup.sh
[5.547s] -- Up-to-date symlink: /home/usanz/colcon_ws/src/navigation_l4ros2/install/bt_behavior/share/bt_behavior/local_setup.zsh
[5.548s] -- Up-to-date symlink: /home/usanz/colcon_ws/src/navigation_l4ros2/install/bt_behavior/share/bt_behavior/local_setup.dsv
[5.548s] -- Symlinking: /home/usanz/colcon_ws/src/navigation_l4ros2/install/bt_behavior/share/bt_behavior/package.dsv
[5.567s] -- Up-to-date symlink: /home/usanz/colcon_ws/src/navigation_l4ros2/install/bt_behavior/share/ament_index/resource_index/packages/bt_behavior
[5.567s] -- Up-to-date symlink: /home/usanz/colcon_ws/src/navigation_l4ros2/install/bt_behavior/share/bt_behavior/cmake/ament_cmake_export_include_directories-extras.cmake
[5.568s] -- Up-to-date symlink: /home/usanz/colcon_ws/src/navigation_l4ros2/install/bt_behavior/share/bt_behavior/cmake/ament_cmake_export_dependencies-extras.cmake
[5.568s] -- Up-to-date symlink: /home/usanz/colcon_ws/src/navigation_l4ros2/install/bt_behavior/share/bt_behavior/cmake/bt_behaviorConfig.cmake
[5.568s] -- Up-to-date symlink: /home/usanz/colcon_ws/src/navigation_l4ros2/install/bt_behavior/share/bt_behavior/cmake/bt_behaviorConfig-version.cmake
[5.569s] -- Up-to-date symlink: /home/usanz/colcon_ws/src/navigation_l4ros2/install/bt_behavior/share/bt_behavior/package.xml
[5.574s] Invoked command in '/home/usanz/colcon_ws/src/navigation_l4ros2/build/bt_behavior' returned '0': CMAKE_PREFIX_PATH=${CMAKE_PREFIX_PATH}:/home/usanz/colcon_ws/install/ros2controlcli:/home/usanz/colcon_ws/install/launch_pal:/home/usanz/colcon_ws/install/intro_py_ros2:/opt/ros/foxy /usr/bin/cmake --install /home/usanz/colcon_ws/src/navigation_l4ros2/build/bt_behavior
