[0.027s] Invoking command in '/home/usanz/colcon_ws/src/navigation_l4ros2/build/bt_behavior': CMAKE_PREFIX_PATH=${CMAKE_PREFIX_PATH}:/home/usanz/colcon_ws/install/ros2controlcli:/home/usanz/colcon_ws/install/launch_pal:/home/usanz/colcon_ws/install/intro_py_ros2:/opt/ros/foxy /usr/bin/cmake --build /home/usanz/colcon_ws/src/navigation_l4ros2/build/bt_behavior -- -j8 -l8
[0.133s] [35m[1mScanning dependencies of target br2_sound_feedback_bt_node[0m
[0.162s] [ 12%] Built target gtest
[0.171s] [ 25%] Built target gtest_main
[0.195s] [ 37%] Built target patrolling_main
[0.203s] [ 50%] Built target br2_get_waypoint_bt_node
[0.206s] [ 62%] Built target br2_move_bt_node
[0.213s] [ 75%] Built target br2_patrol_bt_node
[0.229s] [ 81%] [32mBuilding CXX object CMakeFiles/br2_sound_feedback_bt_node.dir/src/bt_behavior/SoundFeedback.cpp.o[0m
[0.246s] [ 93%] Built target bt_action_test
[2.586s] In file included from [01m[K/home/usanz/colcon_ws/src/navigation_l4ros2/bt_behavior/include/bt_behavior/SoundFeedback.hpp:28[m[K,
[2.587s]                  from [01m[K/home/usanz/colcon_ws/src/navigation_l4ros2/bt_behavior/src/bt_behavior/SoundFeedback.cpp:20[m[K:
[2.587s] /opt/ros/foxy/include/behaviortree_cpp_v3/bt_factory.h: In instantiation of ‘[01m[Kvoid BT::BehaviorTreeFactory::registerNodeType(const string&) [with T = bt_behavior::SoundFeedback; std::string = std::__cxx11::basic_string<char>][m[K’:
[2.587s] [01m[K/home/usanz/colcon_ws/src/navigation_l4ros2/bt_behavior/src/bt_behavior/SoundFeedback.cpp:83:71:[m[K   required from here
[2.588s] [01m[K/opt/ros/foxy/include/behaviortree_cpp_v3/bt_factory.h:309:45:[m[K [01;31m[Kerror: [m[Kstatic assertion failed: [registerNode]: the registered class must have at least one of these two constructors:   (const std::string&, const NodeConfiguration&) or (const std::string&).
[2.588s]   309 |         static_assert([01;31m[Kdefault_constructable || param_constructable[m[K,
[2.588s]       |                       [01;31m[K~~~~~~~~~~~~~~~~~~~~~~^~~~~~~~~~~~~~~~~~~~~~[m[K
[2.588s] [01m[K/opt/ros/foxy/include/behaviortree_cpp_v3/bt_factory.h:318:23:[m[K [01;31m[Kerror: [m[Kstatic assertion failed: [registerNode]: since you have a static method providedPorts(), you MUST add a constructor sign signature (const std::string&, const NodeParameters&)
[2.588s] 
[2.588s]   318 |         static_assert([01;31m[K!(has_static_ports_list && !param_constructable)[m[K,
[2.588s]       |                       [01;31m[K^~~~~~~~~~~~~~~~~~~~~~~~~~~~~~~~~~~~~~~~~~~~~~~~[m[K
[2.588s] [01m[K/opt/ros/foxy/include/behaviortree_cpp_v3/bt_factory.h:323:65:[m[K [01;31m[Kerror: [m[Kno matching function for call to ‘[01m[KCreateBuilder<bt_behavior::SoundFeedback>()[m[K’
[2.589s]   323 |         registerBuilder( CreateManifest<T>(ID), [01;31m[KCreateBuilder<T>()[m[K);
[2.589s]       |                                                 [01;31m[K~~~~~~~~~~~~~~~~^~[m[K
[2.589s] In file included from [01m[K/home/usanz/colcon_ws/src/navigation_l4ros2/bt_behavior/include/bt_behavior/SoundFeedback.hpp:28[m[K,
[2.589s]                  from [01m[K/home/usanz/colcon_ws/src/navigation_l4ros2/bt_behavior/src/bt_behavior/SoundFeedback.cpp:20[m[K:
[2.589s] [01m[K/opt/ros/foxy/include/behaviortree_cpp_v3/bt_factory.h:43:15:[m[K [01;36m[Knote: [m[Kcandidate: ‘[01m[Ktemplate<class T> BT::NodeBuilder BT::CreateBuilder(typename std::enable_if<(std::is_constructible<T, const std::__cxx11::basic_string<char, std::char_traits<char>, std::allocator<char> >&>::value && std::is_constructible<T, const std::__cxx11::basic_string<char, std::char_traits<char>, std::allocator<char> >&, const BT::NodeConfiguration&>::value)>::type*)[m[K’
[2.589s]    43 |   NodeBuilder [01;36m[KCreateBuilder[m[K(typename std::enable_if<has_default_constructor<T>::value &&
[2.589s]       |               [01;36m[K^~~~~~~~~~~~~[m[K
[2.589s] [01m[K/opt/ros/foxy/include/behaviortree_cpp_v3/bt_factory.h:43:15:[m[K [01;36m[Knote: [m[K  template argument deduction/substitution failed:
[2.590s] /opt/ros/foxy/include/behaviortree_cpp_v3/bt_factory.h: In substitution of ‘[01m[Ktemplate<class T> BT::NodeBuilder BT::CreateBuilder(typename std::enable_if<(std::is_constructible<T, const std::__cxx11::basic_string<char, std::char_traits<char>, std::allocator<char> >&>::value && std::is_constructible<T, const std::__cxx11::basic_string<char, std::char_traits<char>, std::allocator<char> >&, const BT::NodeConfiguration&>::value)>::type*) [with T = bt_behavior::SoundFeedback][m[K’:
[2.590s] [01m[K/opt/ros/foxy/include/behaviortree_cpp_v3/bt_factory.h:323:65:[m[K   required from ‘[01m[Kvoid BT::BehaviorTreeFactory::registerNodeType(const string&) [with T = bt_behavior::SoundFeedback; std::string = std::__cxx11::basic_string<char>][m[K’
[2.590s] [01m[K/home/usanz/colcon_ws/src/navigation_l4ros2/bt_behavior/src/bt_behavior/SoundFeedback.cpp:83:71:[m[K   required from here
[2.590s] [01m[K/opt/ros/foxy/include/behaviortree_cpp_v3/bt_factory.h:43:15:[m[K [01;31m[Kerror: [m[Kno type named ‘[01m[Ktype[m[K’ in ‘[01m[Kstruct std::enable_if<false, void>[m[K’
[2.590s] /opt/ros/foxy/include/behaviortree_cpp_v3/bt_factory.h: In instantiation of ‘[01m[Kvoid BT::BehaviorTreeFactory::registerNodeType(const string&) [with T = bt_behavior::SoundFeedback; std::string = std::__cxx11::basic_string<char>][m[K’:
[2.590s] [01m[K/home/usanz/colcon_ws/src/navigation_l4ros2/bt_behavior/src/bt_behavior/SoundFeedback.cpp:83:71:[m[K   required from here
[2.590s] [01m[K/opt/ros/foxy/include/behaviortree_cpp_v3/bt_factory.h:60:15:[m[K [01;36m[Knote: [m[Kcandidate: ‘[01m[Ktemplate<class T> BT::NodeBuilder BT::CreateBuilder(typename std::enable_if<((! std::is_constructible<T, const std::__cxx11::basic_string<char, std::char_traits<char>, std::allocator<char> >&>::value) && std::is_constructible<T, const std::__cxx11::basic_string<char, std::char_traits<char>, std::allocator<char> >&, const BT::NodeConfiguration&>::value)>::type*)[m[K’
[2.590s]    60 |   NodeBuilder [01;36m[KCreateBuilder[m[K(typename std::enable_if<!has_default_constructor<T>::value &&
[2.591s]       |               [01;36m[K^~~~~~~~~~~~~[m[K
[2.591s] [01m[K/opt/ros/foxy/include/behaviortree_cpp_v3/bt_factory.h:60:15:[m[K [01;36m[Knote: [m[K  template argument deduction/substitution failed:
[2.591s] /opt/ros/foxy/include/behaviortree_cpp_v3/bt_factory.h: In substitution of ‘[01m[Ktemplate<class T> BT::NodeBuilder BT::CreateBuilder(typename std::enable_if<((! std::is_constructible<T, const std::__cxx11::basic_string<char, std::char_traits<char>, std::allocator<char> >&>::value) && std::is_constructible<T, const std::__cxx11::basic_string<char, std::char_traits<char>, std::allocator<char> >&, const BT::NodeConfiguration&>::value)>::type*) [with T = bt_behavior::SoundFeedback][m[K’:
[2.591s] [01m[K/opt/ros/foxy/include/behaviortree_cpp_v3/bt_factory.h:323:65:[m[K   required from ‘[01m[Kvoid BT::BehaviorTreeFactory::registerNodeType(const string&) [with T = bt_behavior::SoundFeedback; std::string = std::__cxx11::basic_string<char>][m[K’
[2.591s] [01m[K/home/usanz/colcon_ws/src/navigation_l4ros2/bt_behavior/src/bt_behavior/SoundFeedback.cpp:83:71:[m[K   required from here
[2.591s] [01m[K/opt/ros/foxy/include/behaviortree_cpp_v3/bt_factory.h:60:15:[m[K [01;31m[Kerror: [m[Kno type named ‘[01m[Ktype[m[K’ in ‘[01m[Kstruct std::enable_if<false, void>[m[K’
[2.591s] /opt/ros/foxy/include/behaviortree_cpp_v3/bt_factory.h: In instantiation of ‘[01m[Kvoid BT::BehaviorTreeFactory::registerNodeType(const string&) [with T = bt_behavior::SoundFeedback; std::string = std::__cxx11::basic_string<char>][m[K’:
[2.591s] [01m[K/home/usanz/colcon_ws/src/navigation_l4ros2/bt_behavior/src/bt_behavior/SoundFeedback.cpp:83:71:[m[K   required from here
[2.592s] [01m[K/opt/ros/foxy/include/behaviortree_cpp_v3/bt_factory.h:70:15:[m[K [01;36m[Knote: [m[Kcandidate: ‘[01m[Ktemplate<class T> BT::NodeBuilder BT::CreateBuilder(typename std::enable_if<(std::is_constructible<T, const std::__cxx11::basic_string<char, std::char_traits<char>, std::allocator<char> >&>::value && (! std::is_constructible<T, const std::__cxx11::basic_string<char, std::char_traits<char>, std::allocator<char> >&, const BT::NodeConfiguration&>::value))>::type*)[m[K’
[2.592s]    70 |   NodeBuilder [01;36m[KCreateBuilder[m[K(typename std::enable_if<has_default_constructor<T>::value &&
[2.592s]       |               [01;36m[K^~~~~~~~~~~~~[m[K
[2.592s] [01m[K/opt/ros/foxy/include/behaviortree_cpp_v3/bt_factory.h:70:15:[m[K [01;36m[Knote: [m[K  template argument deduction/substitution failed:
[2.592s] /opt/ros/foxy/include/behaviortree_cpp_v3/bt_factory.h: In substitution of ‘[01m[Ktemplate<class T> BT::NodeBuilder BT::CreateBuilder(typename std::enable_if<(std::is_constructible<T, const std::__cxx11::basic_string<char, std::char_traits<char>, std::allocator<char> >&>::value && (! std::is_constructible<T, const std::__cxx11::basic_string<char, std::char_traits<char>, std::allocator<char> >&, const BT::NodeConfiguration&>::value))>::type*) [with T = bt_behavior::SoundFeedback][m[K’:
[2.592s] [01m[K/opt/ros/foxy/include/behaviortree_cpp_v3/bt_factory.h:323:65:[m[K   required from ‘[01m[Kvoid BT::BehaviorTreeFactory::registerNodeType(const string&) [with T = bt_behavior::SoundFeedback; std::string = std::__cxx11::basic_string<char>][m[K’
[2.592s] [01m[K/home/usanz/colcon_ws/src/navigation_l4ros2/bt_behavior/src/bt_behavior/SoundFeedback.cpp:83:71:[m[K   required from here
[2.593s] [01m[K/opt/ros/foxy/include/behaviortree_cpp_v3/bt_factory.h:70:15:[m[K [01;31m[Kerror: [m[Kno type named ‘[01m[Ktype[m[K’ in ‘[01m[Kstruct std::enable_if<false, void>[m[K’
[3.684s] make[2]: *** [CMakeFiles/br2_sound_feedback_bt_node.dir/build.make:63: CMakeFiles/br2_sound_feedback_bt_node.dir/src/bt_behavior/SoundFeedback.cpp.o] Error 1
[3.685s] make[1]: *** [CMakeFiles/Makefile2:235: CMakeFiles/br2_sound_feedback_bt_node.dir/all] Error 2
[3.685s] make: *** [Makefile:141: all] Error 2
[3.688s] Invoked command in '/home/usanz/colcon_ws/src/navigation_l4ros2/build/bt_behavior' returned '2': CMAKE_PREFIX_PATH=${CMAKE_PREFIX_PATH}:/home/usanz/colcon_ws/install/ros2controlcli:/home/usanz/colcon_ws/install/launch_pal:/home/usanz/colcon_ws/install/intro_py_ros2:/opt/ros/foxy /usr/bin/cmake --build /home/usanz/colcon_ws/src/navigation_l4ros2/build/bt_behavior -- -j8 -l8
