[0.027s] Invoking command in '/home/usanz/colcon_ws/src/navigation_l4ros2/build/bt_behavior': CMAKE_PREFIX_PATH=${CMAKE_PREFIX_PATH}:/home/usanz/colcon_ws/install/ros2controlcli:/home/usanz/colcon_ws/install/launch_pal:/home/usanz/colcon_ws/install/intro_py_ros2:/opt/ros/foxy /usr/bin/cmake --build /home/usanz/colcon_ws/src/navigation_l4ros2/build/bt_behavior -- -j8 -l8
[0.148s] [35m[1mScanning dependencies of target br2_sound_feedback_bt_node[0m
[0.172s] [ 12%] Built target gtest_main
[0.173s] [ 25%] Built target gtest
[0.198s] [ 37%] Built target patrolling_main
[0.205s] [ 56%] Built target br2_move_bt_node
[0.205s] [ 62%] Built target br2_get_waypoint_bt_node
[0.208s] [ 75%] Built target br2_patrol_bt_node
[0.234s] [ 81%] [32mBuilding CXX object CMakeFiles/br2_sound_feedback_bt_node.dir/src/bt_behavior/SoundFeedback.cpp.o[0m
[0.245s] [ 93%] Built target bt_action_test
[3.087s] In file included from [01m[K/home/usanz/colcon_ws/src/navigation_l4ros2/bt_behavior/include/bt_behavior/SoundFeedback.hpp:28[m[K,
[3.087s]                  from [01m[K/home/usanz/colcon_ws/src/navigation_l4ros2/bt_behavior/src/bt_behavior/SoundFeedback.cpp:20[m[K:
[3.088s] /opt/ros/foxy/include/behaviortree_cpp_v3/bt_factory.h: In instantiation of ‘[01m[Kvoid BT::BehaviorTreeFactory::registerNodeType(const string&) [with T = bt_behavior::SoundFeedback; std::string = std::__cxx11::basic_string<char>][m[K’:
[3.088s] [01m[K/home/usanz/colcon_ws/src/navigation_l4ros2/bt_behavior/src/bt_behavior/SoundFeedback.cpp:76:71:[m[K   required from here
[3.088s] [01m[K/opt/ros/foxy/include/behaviortree_cpp_v3/bt_factory.h:299:23:[m[K [01;31m[Kerror: [m[Kstatic assertion failed: [registerNode]: Some methods are pure virtual. Did you override the methods tick() and halt()?
[3.089s]   299 |         static_assert([01;31m[K!std::is_abstract<T>::value[m[K,
[3.089s]       |                       [01;31m[K^~~~~~~~~~~~~~~~~~~~~~~~~~~[m[K
[3.089s] [01m[K/opt/ros/foxy/include/behaviortree_cpp_v3/bt_factory.h:309:45:[m[K [01;31m[Kerror: [m[Kstatic assertion failed: [registerNode]: the registered class must have at least one of these two constructors:   (const std::string&, const NodeConfiguration&) or (const std::string&).
[3.089s]   309 |         static_assert([01;31m[Kdefault_constructable || param_constructable[m[K,
[3.089s]       |                       [01;31m[K~~~~~~~~~~~~~~~~~~~~~~^~~~~~~~~~~~~~~~~~~~~~[m[K
[3.089s] [01m[K/opt/ros/foxy/include/behaviortree_cpp_v3/bt_factory.h:318:23:[m[K [01;31m[Kerror: [m[Kstatic assertion failed: [registerNode]: since you have a static method providedPorts(), you MUST add a constructor sign signature (const std::string&, const NodeParameters&)
[3.089s] 
[3.090s]   318 |         static_assert([01;31m[K!(has_static_ports_list && !param_constructable)[m[K,
[3.090s]       |                       [01;31m[K^~~~~~~~~~~~~~~~~~~~~~~~~~~~~~~~~~~~~~~~~~~~~~~~[m[K
[3.090s] [01m[K/opt/ros/foxy/include/behaviortree_cpp_v3/bt_factory.h:323:65:[m[K [01;31m[Kerror: [m[Kno matching function for call to ‘[01m[KCreateBuilder<bt_behavior::SoundFeedback>()[m[K’
[3.090s]   323 |         registerBuilder( CreateManifest<T>(ID), [01;31m[KCreateBuilder<T>()[m[K);
[3.090s]       |                                                 [01;31m[K~~~~~~~~~~~~~~~~^~[m[K
[3.090s] In file included from [01m[K/home/usanz/colcon_ws/src/navigation_l4ros2/bt_behavior/include/bt_behavior/SoundFeedback.hpp:28[m[K,
[3.091s]                  from [01m[K/home/usanz/colcon_ws/src/navigation_l4ros2/bt_behavior/src/bt_behavior/SoundFeedback.cpp:20[m[K:
[3.091s] [01m[K/opt/ros/foxy/include/behaviortree_cpp_v3/bt_factory.h:43:15:[m[K [01;36m[Knote: [m[Kcandidate: ‘[01m[Ktemplate<class T> BT::NodeBuilder BT::CreateBuilder(typename std::enable_if<(std::is_constructible<T, const std::__cxx11::basic_string<char, std::char_traits<char>, std::allocator<char> >&>::value && std::is_constructible<T, const std::__cxx11::basic_string<char, std::char_traits<char>, std::allocator<char> >&, const BT::NodeConfiguration&>::value)>::type*)[m[K’
[3.091s]    43 |   NodeBuilder [01;36m[KCreateBuilder[m[K(typename std::enable_if<has_default_constructor<T>::value &&
[3.091s]       |               [01;36m[K^~~~~~~~~~~~~[m[K
[3.091s] [01m[K/opt/ros/foxy/include/behaviortree_cpp_v3/bt_factory.h:43:15:[m[K [01;36m[Knote: [m[K  template argument deduction/substitution failed:
[3.091s] /opt/ros/foxy/include/behaviortree_cpp_v3/bt_factory.h: In substitution of ‘[01m[Ktemplate<class T> BT::NodeBuilder BT::CreateBuilder(typename std::enable_if<(std::is_constructible<T, const std::__cxx11::basic_string<char, std::char_traits<char>, std::allocator<char> >&>::value && std::is_constructible<T, const std::__cxx11::basic_string<char, std::char_traits<char>, std::allocator<char> >&, const BT::NodeConfiguration&>::value)>::type*) [with T = bt_behavior::SoundFeedback][m[K’:
[3.091s] [01m[K/opt/ros/foxy/include/behaviortree_cpp_v3/bt_factory.h:323:65:[m[K   required from ‘[01m[Kvoid BT::BehaviorTreeFactory::registerNodeType(const string&) [with T = bt_behavior::SoundFeedback; std::string = std::__cxx11::basic_string<char>][m[K’
[3.092s] [01m[K/home/usanz/colcon_ws/src/navigation_l4ros2/bt_behavior/src/bt_behavior/SoundFeedback.cpp:76:71:[m[K   required from here
[3.092s] [01m[K/opt/ros/foxy/include/behaviortree_cpp_v3/bt_factory.h:43:15:[m[K [01;31m[Kerror: [m[Kno type named ‘[01m[Ktype[m[K’ in ‘[01m[Kstruct std::enable_if<false, void>[m[K’
[3.092s] /opt/ros/foxy/include/behaviortree_cpp_v3/bt_factory.h: In instantiation of ‘[01m[Kvoid BT::BehaviorTreeFactory::registerNodeType(const string&) [with T = bt_behavior::SoundFeedback; std::string = std::__cxx11::basic_string<char>][m[K’:
[3.092s] [01m[K/home/usanz/colcon_ws/src/navigation_l4ros2/bt_behavior/src/bt_behavior/SoundFeedback.cpp:76:71:[m[K   required from here
[3.092s] [01m[K/opt/ros/foxy/include/behaviortree_cpp_v3/bt_factory.h:60:15:[m[K [01;36m[Knote: [m[Kcandidate: ‘[01m[Ktemplate<class T> BT::NodeBuilder BT::CreateBuilder(typename std::enable_if<((! std::is_constructible<T, const std::__cxx11::basic_string<char, std::char_traits<char>, std::allocator<char> >&>::value) && std::is_constructible<T, const std::__cxx11::basic_string<char, std::char_traits<char>, std::allocator<char> >&, const BT::NodeConfiguration&>::value)>::type*)[m[K’
[3.092s]    60 |   NodeBuilder [01;36m[KCreateBuilder[m[K(typename std::enable_if<!has_default_constructor<T>::value &&
[3.092s]       |               [01;36m[K^~~~~~~~~~~~~[m[K
[3.093s] [01m[K/opt/ros/foxy/include/behaviortree_cpp_v3/bt_factory.h:60:15:[m[K [01;36m[Knote: [m[K  template argument deduction/substitution failed:
[3.093s] /opt/ros/foxy/include/behaviortree_cpp_v3/bt_factory.h: In substitution of ‘[01m[Ktemplate<class T> BT::NodeBuilder BT::CreateBuilder(typename std::enable_if<((! std::is_constructible<T, const std::__cxx11::basic_string<char, std::char_traits<char>, std::allocator<char> >&>::value) && std::is_constructible<T, const std::__cxx11::basic_string<char, std::char_traits<char>, std::allocator<char> >&, const BT::NodeConfiguration&>::value)>::type*) [with T = bt_behavior::SoundFeedback][m[K’:
[3.093s] [01m[K/opt/ros/foxy/include/behaviortree_cpp_v3/bt_factory.h:323:65:[m[K   required from ‘[01m[Kvoid BT::BehaviorTreeFactory::registerNodeType(const string&) [with T = bt_behavior::SoundFeedback; std::string = std::__cxx11::basic_string<char>][m[K’
[3.093s] [01m[K/home/usanz/colcon_ws/src/navigation_l4ros2/bt_behavior/src/bt_behavior/SoundFeedback.cpp:76:71:[m[K   required from here
[3.093s] [01m[K/opt/ros/foxy/include/behaviortree_cpp_v3/bt_factory.h:60:15:[m[K [01;31m[Kerror: [m[Kno type named ‘[01m[Ktype[m[K’ in ‘[01m[Kstruct std::enable_if<false, void>[m[K’
[3.093s] /opt/ros/foxy/include/behaviortree_cpp_v3/bt_factory.h: In instantiation of ‘[01m[Kvoid BT::BehaviorTreeFactory::registerNodeType(const string&) [with T = bt_behavior::SoundFeedback; std::string = std::__cxx11::basic_string<char>][m[K’:
[3.093s] [01m[K/home/usanz/colcon_ws/src/navigation_l4ros2/bt_behavior/src/bt_behavior/SoundFeedback.cpp:76:71:[m[K   required from here
[3.093s] [01m[K/opt/ros/foxy/include/behaviortree_cpp_v3/bt_factory.h:70:15:[m[K [01;36m[Knote: [m[Kcandidate: ‘[01m[Ktemplate<class T> BT::NodeBuilder BT::CreateBuilder(typename std::enable_if<(std::is_constructible<T, const std::__cxx11::basic_string<char, std::char_traits<char>, std::allocator<char> >&>::value && (! std::is_constructible<T, const std::__cxx11::basic_string<char, std::char_traits<char>, std::allocator<char> >&, const BT::NodeConfiguration&>::value))>::type*)[m[K’
[3.094s]    70 |   NodeBuilder [01;36m[KCreateBuilder[m[K(typename std::enable_if<has_default_constructor<T>::value &&
[3.094s]       |               [01;36m[K^~~~~~~~~~~~~[m[K
[3.094s] [01m[K/opt/ros/foxy/include/behaviortree_cpp_v3/bt_factory.h:70:15:[m[K [01;36m[Knote: [m[K  template argument deduction/substitution failed:
[3.094s] /opt/ros/foxy/include/behaviortree_cpp_v3/bt_factory.h: In substitution of ‘[01m[Ktemplate<class T> BT::NodeBuilder BT::CreateBuilder(typename std::enable_if<(std::is_constructible<T, const std::__cxx11::basic_string<char, std::char_traits<char>, std::allocator<char> >&>::value && (! std::is_constructible<T, const std::__cxx11::basic_string<char, std::char_traits<char>, std::allocator<char> >&, const BT::NodeConfiguration&>::value))>::type*) [with T = bt_behavior::SoundFeedback][m[K’:
[3.094s] [01m[K/opt/ros/foxy/include/behaviortree_cpp_v3/bt_factory.h:323:65:[m[K   required from ‘[01m[Kvoid BT::BehaviorTreeFactory::registerNodeType(const string&) [with T = bt_behavior::SoundFeedback; std::string = std::__cxx11::basic_string<char>][m[K’
[3.094s] [01m[K/home/usanz/colcon_ws/src/navigation_l4ros2/bt_behavior/src/bt_behavior/SoundFeedback.cpp:76:71:[m[K   required from here
[3.094s] [01m[K/opt/ros/foxy/include/behaviortree_cpp_v3/bt_factory.h:70:15:[m[K [01;31m[Kerror: [m[Kno type named ‘[01m[Ktype[m[K’ in ‘[01m[Kstruct std::enable_if<false, void>[m[K’
[4.197s] make[2]: *** [CMakeFiles/br2_sound_feedback_bt_node.dir/build.make:63: CMakeFiles/br2_sound_feedback_bt_node.dir/src/bt_behavior/SoundFeedback.cpp.o] Error 1
[4.198s] make[1]: *** [CMakeFiles/Makefile2:235: CMakeFiles/br2_sound_feedback_bt_node.dir/all] Error 2
[4.199s] make: *** [Makefile:141: all] Error 2
[4.202s] Invoked command in '/home/usanz/colcon_ws/src/navigation_l4ros2/build/bt_behavior' returned '2': CMAKE_PREFIX_PATH=${CMAKE_PREFIX_PATH}:/home/usanz/colcon_ws/install/ros2controlcli:/home/usanz/colcon_ws/install/launch_pal:/home/usanz/colcon_ws/install/intro_py_ros2:/opt/ros/foxy /usr/bin/cmake --build /home/usanz/colcon_ws/src/navigation_l4ros2/build/bt_behavior -- -j8 -l8
