[0.028s] Invoking command in '/home/usanz/colcon_ws/src/navigation_l4ros2/build/bt_behavior': CMAKE_PREFIX_PATH=${CMAKE_PREFIX_PATH}:/home/usanz/colcon_ws/install/ros2controlcli:/home/usanz/colcon_ws/install/launch_pal:/home/usanz/colcon_ws/install/intro_py_ros2:/opt/ros/foxy /usr/bin/cmake --build /home/usanz/colcon_ws/src/navigation_l4ros2/build/bt_behavior -- -j8 -l8
[0.119s] [35m[1mScanning dependencies of target br2_sound_feedback_bt_node[0m
[0.149s] [ 12%] Built target gtest
[0.154s] [ 25%] Built target gtest_main
[0.180s] [ 37%] Built target br2_get_waypoint_bt_node
[0.186s] [ 50%] Built target br2_patrol_bt_node
[0.186s] [ 75%] Built target br2_move_bt_node
[0.186s] [ 75%] Built target patrolling_main
[0.214s] [ 81%] [32mBuilding CXX object CMakeFiles/br2_sound_feedback_bt_node.dir/src/bt_behavior/SoundFeedback.cpp.o[0m
[0.233s] [ 93%] Built target bt_action_test
[4.990s] [100%] [32m[1mLinking CXX shared library libbr2_sound_feedback_bt_node.so[0m
[5.252s] [100%] Built target br2_sound_feedback_bt_node
[5.271s] Invoked command in '/home/usanz/colcon_ws/src/navigation_l4ros2/build/bt_behavior' returned '0': CMAKE_PREFIX_PATH=${CMAKE_PREFIX_PATH}:/home/usanz/colcon_ws/install/ros2controlcli:/home/usanz/colcon_ws/install/launch_pal:/home/usanz/colcon_ws/install/intro_py_ros2:/opt/ros/foxy /usr/bin/cmake --build /home/usanz/colcon_ws/src/navigation_l4ros2/build/bt_behavior -- -j8 -l8
[5.379s] Invoking command in '/home/usanz/colcon_ws/src/navigation_l4ros2/build/bt_behavior': CMAKE_PREFIX_PATH=${CMAKE_PREFIX_PATH}:/home/usanz/colcon_ws/install/ros2controlcli:/home/usanz/colcon_ws/install/launch_pal:/home/usanz/colcon_ws/install/intro_py_ros2:/opt/ros/foxy /usr/bin/cmake --install /home/usanz/colcon_ws/src/navigation_l4ros2/build/bt_behavior
[5.397s] -- Install configuration: "Debug"
[5.397s] -- Execute custom install script
[5.398s] -- Up-to-date symlink: /home/usanz/colcon_ws/src/navigation_l4ros2/install/bt_behavior/lib/libbr2_get_waypoint_bt_node.so
[5.399s] -- Up-to-date symlink: /home/usanz/colcon_ws/src/navigation_l4ros2/install/bt_behavior/lib/libbr2_patrol_bt_node.so
[5.399s] -- Up-to-date symlink: /home/usanz/colcon_ws/src/navigation_l4ros2/install/bt_behavior/lib/libbr2_move_bt_node.so
[5.399s] -- Up-to-date symlink: /home/usanz/colcon_ws/src/navigation_l4ros2/install/bt_behavior/lib/libbr2_sound_feedback_bt_node.so
[5.400s] -- Up-to-date symlink: /home/usanz/colcon_ws/src/navigation_l4ros2/install/bt_behavior/lib/bt_behavior/patrolling_main
[5.401s] -- Up-to-date symlink: /home/usanz/colcon_ws/src/navigation_l4ros2/install/bt_behavior/include//bt_behavior/GetNextWp.hpp
[5.401s] -- Up-to-date symlink: /home/usanz/colcon_ws/src/navigation_l4ros2/install/bt_behavior/include//bt_behavior/LedFeedback.hpp
[5.402s] -- Up-to-date symlink: /home/usanz/colcon_ws/src/navigation_l4ros2/install/bt_behavior/include//bt_behavior/Move.hpp
[5.402s] -- Up-to-date symlink: /home/usanz/colcon_ws/src/navigation_l4ros2/install/bt_behavior/include//bt_behavior/Patrol.hpp
[5.402s] -- Up-to-date symlink: /home/usanz/colcon_ws/src/navigation_l4ros2/install/bt_behavior/include//bt_behavior/SoundFeedback.hpp
[5.402s] -- Up-to-date symlink: /home/usanz/colcon_ws/src/navigation_l4ros2/install/bt_behavior/include//bt_behavior/ctrl_support/BTActionNode.hpp
[5.403s] -- Up-to-date symlink: /home/usanz/colcon_ws/src/navigation_l4ros2/install/bt_behavior/include//bt_behavior/ctrl_support/BTLifecycleCtrlNode.hpp
[5.403s] -- Up-to-date symlink: /home/usanz/colcon_ws/src/navigation_l4ros2/install/bt_behavior/share/bt_behavior/behavior_tree_xml/behavior.xml
[5.404s] -- Up-to-date symlink: /home/usanz/colcon_ws/src/navigation_l4ros2/install/bt_behavior/share/bt_behavior/launch/kobuki_patrolling.launch.py
[5.404s] -- Up-to-date symlink: /home/usanz/colcon_ws/src/navigation_l4ros2/install/bt_behavior/share/bt_behavior/launch/patrolling.launch.py
[5.405s] -- Up-to-date symlink: /home/usanz/colcon_ws/src/navigation_l4ros2/install/bt_behavior/share/bt_behavior/config/arena_waypoints.yaml
[5.405s] -- Up-to-date symlink: /home/usanz/colcon_ws/src/navigation_l4ros2/install/bt_behavior/share/bt_behavior/config/waypoints.yaml
[5.406s] -- Up-to-date symlink: /home/usanz/colcon_ws/src/navigation_l4ros2/install/bt_behavior/share/ament_index/resource_index/package_run_dependencies/bt_behavior
[5.407s] -- Up-to-date symlink: /home/usanz/colcon_ws/src/navigation_l4ros2/install/bt_behavior/share/ament_index/resource_index/parent_prefix_path/bt_behavior
[5.407s] -- Up-to-date symlink: /home/usanz/colcon_ws/src/navigation_l4ros2/install/bt_behavior/share/bt_behavior/environment/ament_prefix_path.sh
[5.408s] -- Up-to-date symlink: /home/usanz/colcon_ws/src/navigation_l4ros2/install/bt_behavior/share/bt_behavior/environment/ament_prefix_path.dsv
[5.409s] -- Up-to-date symlink: /home/usanz/colcon_ws/src/navigation_l4ros2/install/bt_behavior/share/bt_behavior/environment/path.sh
[5.409s] -- Up-to-date symlink: /home/usanz/colcon_ws/src/navigation_l4ros2/install/bt_behavior/share/bt_behavior/environment/path.dsv
[5.410s] -- Up-to-date symlink: /home/usanz/colcon_ws/src/navigation_l4ros2/install/bt_behavior/share/bt_behavior/local_setup.bash
[5.410s] -- Up-to-date symlink: /home/usanz/colcon_ws/src/navigation_l4ros2/install/bt_behavior/share/bt_behavior/local_setup.sh
[5.410s] -- Up-to-date symlink: /home/usanz/colcon_ws/src/navigation_l4ros2/install/bt_behavior/share/bt_behavior/local_setup.zsh
[5.411s] -- Up-to-date symlink: /home/usanz/colcon_ws/src/navigation_l4ros2/install/bt_behavior/share/bt_behavior/local_setup.dsv
[5.411s] -- Symlinking: /home/usanz/colcon_ws/src/navigation_l4ros2/install/bt_behavior/share/bt_behavior/package.dsv
[5.426s] -- Up-to-date symlink: /home/usanz/colcon_ws/src/navigation_l4ros2/install/bt_behavior/share/ament_index/resource_index/packages/bt_behavior
[5.427s] -- Up-to-date symlink: /home/usanz/colcon_ws/src/navigation_l4ros2/install/bt_behavior/share/bt_behavior/cmake/ament_cmake_export_include_directories-extras.cmake
[5.427s] -- Up-to-date symlink: /home/usanz/colcon_ws/src/navigation_l4ros2/install/bt_behavior/share/bt_behavior/cmake/ament_cmake_export_dependencies-extras.cmake
[5.428s] -- Up-to-date symlink: /home/usanz/colcon_ws/src/navigation_l4ros2/install/bt_behavior/share/bt_behavior/cmake/bt_behaviorConfig.cmake
[5.428s] -- Up-to-date symlink: /home/usanz/colcon_ws/src/navigation_l4ros2/install/bt_behavior/share/bt_behavior/cmake/bt_behaviorConfig-version.cmake
[5.429s] -- Up-to-date symlink: /home/usanz/colcon_ws/src/navigation_l4ros2/install/bt_behavior/share/bt_behavior/package.xml
[5.433s] Invoked command in '/home/usanz/colcon_ws/src/navigation_l4ros2/build/bt_behavior' returned '0': CMAKE_PREFIX_PATH=${CMAKE_PREFIX_PATH}:/home/usanz/colcon_ws/install/ros2controlcli:/home/usanz/colcon_ws/install/launch_pal:/home/usanz/colcon_ws/install/intro_py_ros2:/opt/ros/foxy /usr/bin/cmake --install /home/usanz/colcon_ws/src/navigation_l4ros2/build/bt_behavior
