[0.030s] Invoking command in '/home/usanz/colcon_ws/src/navigation_l4ros2/build/bt_behavior': CMAKE_PREFIX_PATH=${CMAKE_PREFIX_PATH}:/home/usanz/colcon_ws/install/ros2controlcli:/home/usanz/colcon_ws/install/launch_pal:/home/usanz/colcon_ws/install/intro_py_ros2:/opt/ros/foxy /usr/bin/cmake --build /home/usanz/colcon_ws/src/navigation_l4ros2/build/bt_behavior -- -j8 -l8
[0.139s] [35m[1mScanning dependencies of target br2_sound_feedback_bt_node[0m
[0.171s] [ 12%] Built target gtest
[0.178s] [ 25%] Built target gtest_main
[0.198s] [ 37%] Built target patrolling_main
[0.206s] [ 62%] Built target br2_patrol_bt_node
[0.207s] [ 62%] Built target br2_move_bt_node
[0.209s] [ 75%] Built target br2_get_waypoint_bt_node
[0.230s] [ 81%] [32mBuilding CXX object CMakeFiles/br2_sound_feedback_bt_node.dir/src/bt_behavior/SoundFeedback.cpp.o[0m
[0.252s] [ 93%] Built target bt_action_test
[2.918s] [01m[K/home/usanz/colcon_ws/src/navigation_l4ros2/bt_behavior/src/bt_behavior/SoundFeedback.cpp:49:1:[m[K [01;31m[Kerror: [m[Kno declaration matches ‘[01m[KBT::NodeStatus bt_behavior::SoundFeedback::on_tick()[m[K’
[2.918s]    49 | [01;31m[KSoundFeedback[m[K::on_tick()
[2.918s]       | [01;31m[K^~~~~~~~~~~~~[m[K
[2.918s] [01m[K/home/usanz/colcon_ws/src/navigation_l4ros2/bt_behavior/src/bt_behavior/SoundFeedback.cpp:49:1:[m[K [01;36m[Knote: [m[Kno functions named ‘[01m[KBT::NodeStatus bt_behavior::SoundFeedback::on_tick()[m[K’
[2.919s] In file included from [01m[K/home/usanz/colcon_ws/src/navigation_l4ros2/bt_behavior/src/bt_behavior/SoundFeedback.cpp:20[m[K:
[2.919s] [01m[K/home/usanz/colcon_ws/src/navigation_l4ros2/bt_behavior/include/bt_behavior/SoundFeedback.hpp:35:7:[m[K [01;36m[Knote: [m[K‘[01m[Kclass bt_behavior::SoundFeedback[m[K’ defined here
[2.919s]    35 | class [01;36m[KSoundFeedback[m[K : public BT::ActionNodeBase
[2.919s]       |       [01;36m[K^~~~~~~~~~~~~[m[K
[3.056s] In file included from [01m[K/home/usanz/colcon_ws/src/navigation_l4ros2/bt_behavior/include/bt_behavior/SoundFeedback.hpp:28[m[K,
[3.056s]                  from [01m[K/home/usanz/colcon_ws/src/navigation_l4ros2/bt_behavior/src/bt_behavior/SoundFeedback.cpp:20[m[K:
[3.057s] /opt/ros/foxy/include/behaviortree_cpp_v3/bt_factory.h: In instantiation of ‘[01m[Kvoid BT::BehaviorTreeFactory::registerNodeType(const string&) [with T = bt_behavior::SoundFeedback; std::string = std::__cxx11::basic_string<char>][m[K’:
[3.058s] [01m[K/home/usanz/colcon_ws/src/navigation_l4ros2/bt_behavior/src/bt_behavior/SoundFeedback.cpp:76:71:[m[K   required from here
[3.058s] [01m[K/opt/ros/foxy/include/behaviortree_cpp_v3/bt_factory.h:299:23:[m[K [01;31m[Kerror: [m[Kstatic assertion failed: [registerNode]: Some methods are pure virtual. Did you override the methods tick() and halt()?
[3.058s]   299 |         static_assert([01;31m[K!std::is_abstract<T>::value[m[K,
[3.058s]       |                       [01;31m[K^~~~~~~~~~~~~~~~~~~~~~~~~~~[m[K
[3.059s] [01m[K/opt/ros/foxy/include/behaviortree_cpp_v3/bt_factory.h:309:45:[m[K [01;31m[Kerror: [m[Kstatic assertion failed: [registerNode]: the registered class must have at least one of these two constructors:   (const std::string&, const NodeConfiguration&) or (const std::string&).
[3.059s]   309 |         static_assert([01;31m[Kdefault_constructable || param_constructable[m[K,
[3.059s]       |                       [01;31m[K~~~~~~~~~~~~~~~~~~~~~~^~~~~~~~~~~~~~~~~~~~~~[m[K
[3.059s] [01m[K/opt/ros/foxy/include/behaviortree_cpp_v3/bt_factory.h:318:23:[m[K [01;31m[Kerror: [m[Kstatic assertion failed: [registerNode]: since you have a static method providedPorts(), you MUST add a constructor sign signature (const std::string&, const NodeParameters&)
[3.059s] 
[3.059s]   318 |         static_assert([01;31m[K!(has_static_ports_list && !param_constructable)[m[K,
[3.059s]       |                       [01;31m[K^~~~~~~~~~~~~~~~~~~~~~~~~~~~~~~~~~~~~~~~~~~~~~~~[m[K
[3.060s] [01m[K/opt/ros/foxy/include/behaviortree_cpp_v3/bt_factory.h:323:65:[m[K [01;31m[Kerror: [m[Kno matching function for call to ‘[01m[KCreateBuilder<bt_behavior::SoundFeedback>()[m[K’
[3.060s]   323 |         registerBuilder( CreateManifest<T>(ID), [01;31m[KCreateBuilder<T>()[m[K);
[3.060s]       |                                                 [01;31m[K~~~~~~~~~~~~~~~~^~[m[K
[3.060s] In file included from [01m[K/home/usanz/colcon_ws/src/navigation_l4ros2/bt_behavior/include/bt_behavior/SoundFeedback.hpp:28[m[K,
[3.060s]                  from [01m[K/home/usanz/colcon_ws/src/navigation_l4ros2/bt_behavior/src/bt_behavior/SoundFeedback.cpp:20[m[K:
[3.060s] [01m[K/opt/ros/foxy/include/behaviortree_cpp_v3/bt_factory.h:43:15:[m[K [01;36m[Knote: [m[Kcandidate: ‘[01m[Ktemplate<class T> BT::NodeBuilder BT::CreateBuilder(typename std::enable_if<(std::is_constructible<T, const std::__cxx11::basic_string<char, std::char_traits<char>, std::allocator<char> >&>::value && std::is_constructible<T, const std::__cxx11::basic_string<char, std::char_traits<char>, std::allocator<char> >&, const BT::NodeConfiguration&>::value)>::type*)[m[K’
[3.060s]    43 |   NodeBuilder [01;36m[KCreateBuilder[m[K(typename std::enable_if<has_default_constructor<T>::value &&
[3.061s]       |               [01;36m[K^~~~~~~~~~~~~[m[K
[3.061s] [01m[K/opt/ros/foxy/include/behaviortree_cpp_v3/bt_factory.h:43:15:[m[K [01;36m[Knote: [m[K  template argument deduction/substitution failed:
[3.061s] /opt/ros/foxy/include/behaviortree_cpp_v3/bt_factory.h: In substitution of ‘[01m[Ktemplate<class T> BT::NodeBuilder BT::CreateBuilder(typename std::enable_if<(std::is_constructible<T, const std::__cxx11::basic_string<char, std::char_traits<char>, std::allocator<char> >&>::value && std::is_constructible<T, const std::__cxx11::basic_string<char, std::char_traits<char>, std::allocator<char> >&, const BT::NodeConfiguration&>::value)>::type*) [with T = bt_behavior::SoundFeedback][m[K’:
[3.061s] [01m[K/opt/ros/foxy/include/behaviortree_cpp_v3/bt_factory.h:323:65:[m[K   required from ‘[01m[Kvoid BT::BehaviorTreeFactory::registerNodeType(const string&) [with T = bt_behavior::SoundFeedback; std::string = std::__cxx11::basic_string<char>][m[K’
[3.061s] [01m[K/home/usanz/colcon_ws/src/navigation_l4ros2/bt_behavior/src/bt_behavior/SoundFeedback.cpp:76:71:[m[K   required from here
[3.061s] [01m[K/opt/ros/foxy/include/behaviortree_cpp_v3/bt_factory.h:43:15:[m[K [01;31m[Kerror: [m[Kno type named ‘[01m[Ktype[m[K’ in ‘[01m[Kstruct std::enable_if<false, void>[m[K’
[3.061s] /opt/ros/foxy/include/behaviortree_cpp_v3/bt_factory.h: In instantiation of ‘[01m[Kvoid BT::BehaviorTreeFactory::registerNodeType(const string&) [with T = bt_behavior::SoundFeedback; std::string = std::__cxx11::basic_string<char>][m[K’:
[3.061s] [01m[K/home/usanz/colcon_ws/src/navigation_l4ros2/bt_behavior/src/bt_behavior/SoundFeedback.cpp:76:71:[m[K   required from here
[3.062s] [01m[K/opt/ros/foxy/include/behaviortree_cpp_v3/bt_factory.h:60:15:[m[K [01;36m[Knote: [m[Kcandidate: ‘[01m[Ktemplate<class T> BT::NodeBuilder BT::CreateBuilder(typename std::enable_if<((! std::is_constructible<T, const std::__cxx11::basic_string<char, std::char_traits<char>, std::allocator<char> >&>::value) && std::is_constructible<T, const std::__cxx11::basic_string<char, std::char_traits<char>, std::allocator<char> >&, const BT::NodeConfiguration&>::value)>::type*)[m[K’
[3.062s]    60 |   NodeBuilder [01;36m[KCreateBuilder[m[K(typename std::enable_if<!has_default_constructor<T>::value &&
[3.062s]       |               [01;36m[K^~~~~~~~~~~~~[m[K
[3.062s] [01m[K/opt/ros/foxy/include/behaviortree_cpp_v3/bt_factory.h:60:15:[m[K [01;36m[Knote: [m[K  template argument deduction/substitution failed:
[3.062s] /opt/ros/foxy/include/behaviortree_cpp_v3/bt_factory.h: In substitution of ‘[01m[Ktemplate<class T> BT::NodeBuilder BT::CreateBuilder(typename std::enable_if<((! std::is_constructible<T, const std::__cxx11::basic_string<char, std::char_traits<char>, std::allocator<char> >&>::value) && std::is_constructible<T, const std::__cxx11::basic_string<char, std::char_traits<char>, std::allocator<char> >&, const BT::NodeConfiguration&>::value)>::type*) [with T = bt_behavior::SoundFeedback][m[K’:
[3.062s] [01m[K/opt/ros/foxy/include/behaviortree_cpp_v3/bt_factory.h:323:65:[m[K   required from ‘[01m[Kvoid BT::BehaviorTreeFactory::registerNodeType(const string&) [with T = bt_behavior::SoundFeedback; std::string = std::__cxx11::basic_string<char>][m[K’
[3.062s] [01m[K/home/usanz/colcon_ws/src/navigation_l4ros2/bt_behavior/src/bt_behavior/SoundFeedback.cpp:76:71:[m[K   required from here
[3.062s] [01m[K/opt/ros/foxy/include/behaviortree_cpp_v3/bt_factory.h:60:15:[m[K [01;31m[Kerror: [m[Kno type named ‘[01m[Ktype[m[K’ in ‘[01m[Kstruct std::enable_if<false, void>[m[K’
[3.063s] /opt/ros/foxy/include/behaviortree_cpp_v3/bt_factory.h: In instantiation of ‘[01m[Kvoid BT::BehaviorTreeFactory::registerNodeType(const string&) [with T = bt_behavior::SoundFeedback; std::string = std::__cxx11::basic_string<char>][m[K’:
[3.063s] [01m[K/home/usanz/colcon_ws/src/navigation_l4ros2/bt_behavior/src/bt_behavior/SoundFeedback.cpp:76:71:[m[K   required from here
[3.063s] [01m[K/opt/ros/foxy/include/behaviortree_cpp_v3/bt_factory.h:70:15:[m[K [01;36m[Knote: [m[Kcandidate: ‘[01m[Ktemplate<class T> BT::NodeBuilder BT::CreateBuilder(typename std::enable_if<(std::is_constructible<T, const std::__cxx11::basic_string<char, std::char_traits<char>, std::allocator<char> >&>::value && (! std::is_constructible<T, const std::__cxx11::basic_string<char, std::char_traits<char>, std::allocator<char> >&, const BT::NodeConfiguration&>::value))>::type*)[m[K’
[3.063s]    70 |   NodeBuilder [01;36m[KCreateBuilder[m[K(typename std::enable_if<has_default_constructor<T>::value &&
[3.063s]       |               [01;36m[K^~~~~~~~~~~~~[m[K
[3.063s] [01m[K/opt/ros/foxy/include/behaviortree_cpp_v3/bt_factory.h:70:15:[m[K [01;36m[Knote: [m[K  template argument deduction/substitution failed:
[3.063s] /opt/ros/foxy/include/behaviortree_cpp_v3/bt_factory.h: In substitution of ‘[01m[Ktemplate<class T> BT::NodeBuilder BT::CreateBuilder(typename std::enable_if<(std::is_constructible<T, const std::__cxx11::basic_string<char, std::char_traits<char>, std::allocator<char> >&>::value && (! std::is_constructible<T, const std::__cxx11::basic_string<char, std::char_traits<char>, std::allocator<char> >&, const BT::NodeConfiguration&>::value))>::type*) [with T = bt_behavior::SoundFeedback][m[K’:
[3.063s] [01m[K/opt/ros/foxy/include/behaviortree_cpp_v3/bt_factory.h:323:65:[m[K   required from ‘[01m[Kvoid BT::BehaviorTreeFactory::registerNodeType(const string&) [with T = bt_behavior::SoundFeedback; std::string = std::__cxx11::basic_string<char>][m[K’
[3.064s] [01m[K/home/usanz/colcon_ws/src/navigation_l4ros2/bt_behavior/src/bt_behavior/SoundFeedback.cpp:76:71:[m[K   required from here
[3.064s] [01m[K/opt/ros/foxy/include/behaviortree_cpp_v3/bt_factory.h:70:15:[m[K [01;31m[Kerror: [m[Kno type named ‘[01m[Ktype[m[K’ in ‘[01m[Kstruct std::enable_if<false, void>[m[K’
[3.998s] make[2]: *** [CMakeFiles/br2_sound_feedback_bt_node.dir/build.make:63: CMakeFiles/br2_sound_feedback_bt_node.dir/src/bt_behavior/SoundFeedback.cpp.o] Error 1
[3.998s] make[1]: *** [CMakeFiles/Makefile2:235: CMakeFiles/br2_sound_feedback_bt_node.dir/all] Error 2
[3.999s] make: *** [Makefile:141: all] Error 2
[4.003s] Invoked command in '/home/usanz/colcon_ws/src/navigation_l4ros2/build/bt_behavior' returned '2': CMAKE_PREFIX_PATH=${CMAKE_PREFIX_PATH}:/home/usanz/colcon_ws/install/ros2controlcli:/home/usanz/colcon_ws/install/launch_pal:/home/usanz/colcon_ws/install/intro_py_ros2:/opt/ros/foxy /usr/bin/cmake --build /home/usanz/colcon_ws/src/navigation_l4ros2/build/bt_behavior -- -j8 -l8
